<?xml version="1.0" encoding="UTF-8"?>
<!-- Generated by org.testng.reporters.JUnitXMLReporter -->
<testsuite ignored="0" hostname="DESKTOP-F8IID4M" failures="0" tests="7" name="Default test" time="115.047" errors="0" timestamp="2022-05-04T20:08:44 BDT">
  <testcase classname="ShopifyAutomation" name="launchbrowser" time="27.165"/>
  <testcase classname="ShopifyAutomation" name="demostore" time="36.16"/>
  <testcase classname="ShopifyAutomation" name="sell" time="11.046"/>
  <testcase classname="ShopifyAutomation" name="manage" time="8.921"/>
  <testcase classname="ShopifyAutomation" name="market" time="13.94"/>
  <testcase classname="ShopifyAutomation" name="pricing" time="8.518"/>
  <testcase classname="ShopifyAutomation" name="footer" time="9.211"/>
</testsuite> <!-- Default test -->
