<?xml version="1.0" encoding="UTF-8"?>
<testng-results ignored="0" total="7" passed="7" failed="0" skipped="0">
  <reporter-output>
  </reporter-output>
  <suite started-at="2022-05-04T20:06:49 BDT" name="Default suite" finished-at="2022-05-04T20:08:44 BDT" duration-ms="115047">
    <groups>
    </groups>
    <test started-at="2022-05-04T20:06:49 BDT" name="Default test" finished-at="2022-05-04T20:08:44 BDT" duration-ms="115047">
      <class name="ShopifyAutomation">
        <test-method signature="launchbrowser()[pri:1, instance:ShopifyAutomation@15b204a1]" started-at="2022-05-04T20:06:49 BDT" name="launchbrowser" finished-at="2022-05-04T20:07:16 BDT" duration-ms="27165" status="PASS">
          <reporter-output>
          </reporter-output>
        </test-method> <!-- launchbrowser -->
        <test-method signature="demostore()[pri:2, instance:ShopifyAutomation@15b204a1]" started-at="2022-05-04T20:07:16 BDT" name="demostore" finished-at="2022-05-04T20:07:52 BDT" duration-ms="36160" status="PASS">
          <reporter-output>
          </reporter-output>
        </test-method> <!-- demostore -->
        <test-method signature="sell()[pri:3, instance:ShopifyAutomation@15b204a1]" started-at="2022-05-04T20:07:52 BDT" name="sell" finished-at="2022-05-04T20:08:03 BDT" duration-ms="11046" status="PASS">
          <reporter-output>
          </reporter-output>
        </test-method> <!-- sell -->
        <test-method signature="manage()[pri:4, instance:ShopifyAutomation@15b204a1]" started-at="2022-05-04T20:08:03 BDT" name="manage" finished-at="2022-05-04T20:08:12 BDT" duration-ms="8921" status="PASS">
          <reporter-output>
          </reporter-output>
        </test-method> <!-- manage -->
        <test-method signature="market()[pri:4, instance:ShopifyAutomation@15b204a1]" started-at="2022-05-04T20:08:12 BDT" name="market" finished-at="2022-05-04T20:08:26 BDT" duration-ms="13940" status="PASS">
          <reporter-output>
          </reporter-output>
        </test-method> <!-- market -->
        <test-method signature="pricing()[pri:5, instance:ShopifyAutomation@15b204a1]" started-at="2022-05-04T20:08:26 BDT" name="pricing" finished-at="2022-05-04T20:08:35 BDT" duration-ms="8518" status="PASS">
          <reporter-output>
          </reporter-output>
        </test-method> <!-- pricing -->
        <test-method signature="footer()[pri:6, instance:ShopifyAutomation@15b204a1]" started-at="2022-05-04T20:08:35 BDT" name="footer" finished-at="2022-05-04T20:08:44 BDT" duration-ms="9211" status="PASS">
          <reporter-output>
          </reporter-output>
        </test-method> <!-- footer -->
      </class> <!-- ShopifyAutomation -->
    </test> <!-- Default test -->
  </suite> <!-- Default suite -->
</testng-results>
